[0.677s] Invoking command in '/home/harshit/webcam_ws/src/opencv_tools': PYTHONPATH=/home/harshit/webcam_ws/build/opencv_tools/prefix_override:/usr/lib/python3/dist-packages/colcon_core/task/python/colcon_distutils_commands:/home/harshit/webcam_ws/install/opencv_tools/lib/python3.10/site-packages:${PYTHONPATH} /usr/bin/python3 -W ignore:setup.py install is deprecated -W ignore:easy_install command is deprecated setup.py egg_info --egg-base ../../build/opencv_tools build --build-base /home/harshit/webcam_ws/build/opencv_tools/build install --record /home/harshit/webcam_ws/build/opencv_tools/install.log --single-version-externally-managed install_data
[0.906s] running egg_info
[0.907s] creating ../../build/opencv_tools/opencv_tools.egg-info
[0.907s] writing ../../build/opencv_tools/opencv_tools.egg-info/PKG-INFO
[0.907s] writing dependency_links to ../../build/opencv_tools/opencv_tools.egg-info/dependency_links.txt
[0.907s] writing entry points to ../../build/opencv_tools/opencv_tools.egg-info/entry_points.txt
[0.908s] writing requirements to ../../build/opencv_tools/opencv_tools.egg-info/requires.txt
[0.908s] writing top-level names to ../../build/opencv_tools/opencv_tools.egg-info/top_level.txt
[0.908s] writing manifest file '../../build/opencv_tools/opencv_tools.egg-info/SOURCES.txt'
[0.909s] reading manifest file '../../build/opencv_tools/opencv_tools.egg-info/SOURCES.txt'
[0.910s] writing manifest file '../../build/opencv_tools/opencv_tools.egg-info/SOURCES.txt'
[0.910s] running build
[0.910s] running build_py
[0.911s] creating /home/harshit/webcam_ws/build/opencv_tools/build
[0.911s] creating /home/harshit/webcam_ws/build/opencv_tools/build/lib
[0.911s] creating /home/harshit/webcam_ws/build/opencv_tools/build/lib/opencv_tools
[0.911s] copying opencv_tools/imagesub.py -> /home/harshit/webcam_ws/build/opencv_tools/build/lib/opencv_tools
[0.911s] copying opencv_tools/__init__.py -> /home/harshit/webcam_ws/build/opencv_tools/build/lib/opencv_tools
[0.911s] copying opencv_tools/imagepub.py -> /home/harshit/webcam_ws/build/opencv_tools/build/lib/opencv_tools
[0.911s] running install
[0.912s] running install_lib
[0.912s] creating /home/harshit/webcam_ws/install/opencv_tools/lib/python3.10/site-packages/opencv_tools
[0.912s] copying /home/harshit/webcam_ws/build/opencv_tools/build/lib/opencv_tools/imagesub.py -> /home/harshit/webcam_ws/install/opencv_tools/lib/python3.10/site-packages/opencv_tools
[0.913s] copying /home/harshit/webcam_ws/build/opencv_tools/build/lib/opencv_tools/__init__.py -> /home/harshit/webcam_ws/install/opencv_tools/lib/python3.10/site-packages/opencv_tools
[0.913s] copying /home/harshit/webcam_ws/build/opencv_tools/build/lib/opencv_tools/imagepub.py -> /home/harshit/webcam_ws/install/opencv_tools/lib/python3.10/site-packages/opencv_tools
[0.913s] byte-compiling /home/harshit/webcam_ws/install/opencv_tools/lib/python3.10/site-packages/opencv_tools/imagesub.py to imagesub.cpython-310.pyc
[0.914s] byte-compiling /home/harshit/webcam_ws/install/opencv_tools/lib/python3.10/site-packages/opencv_tools/__init__.py to __init__.cpython-310.pyc
[0.914s] byte-compiling /home/harshit/webcam_ws/install/opencv_tools/lib/python3.10/site-packages/opencv_tools/imagepub.py to imagepub.cpython-310.pyc
[0.915s] running install_data
[0.915s] creating /home/harshit/webcam_ws/install/opencv_tools/share/ament_index
[0.915s] creating /home/harshit/webcam_ws/install/opencv_tools/share/ament_index/resource_index
[0.915s] creating /home/harshit/webcam_ws/install/opencv_tools/share/ament_index/resource_index/packages
[0.915s] copying resource/opencv_tools -> /home/harshit/webcam_ws/install/opencv_tools/share/ament_index/resource_index/packages
[0.915s] copying package.xml -> /home/harshit/webcam_ws/install/opencv_tools/share/opencv_tools
[0.915s] running install_egg_info
[0.917s] Copying ../../build/opencv_tools/opencv_tools.egg-info to /home/harshit/webcam_ws/install/opencv_tools/lib/python3.10/site-packages/opencv_tools-0.0.0-py3.10.egg-info
[0.917s] running install_scripts
[0.939s] Installing img_pub script to /home/harshit/webcam_ws/install/opencv_tools/lib/opencv_tools
[0.939s] Installing img_sub script to /home/harshit/webcam_ws/install/opencv_tools/lib/opencv_tools
[0.939s] writing list of installed files to '/home/harshit/webcam_ws/build/opencv_tools/install.log'
[0.964s] Invoked command in '/home/harshit/webcam_ws/src/opencv_tools' returned '0': PYTHONPATH=/home/harshit/webcam_ws/build/opencv_tools/prefix_override:/usr/lib/python3/dist-packages/colcon_core/task/python/colcon_distutils_commands:/home/harshit/webcam_ws/install/opencv_tools/lib/python3.10/site-packages:${PYTHONPATH} /usr/bin/python3 -W ignore:setup.py install is deprecated -W ignore:easy_install command is deprecated setup.py egg_info --egg-base ../../build/opencv_tools build --build-base /home/harshit/webcam_ws/build/opencv_tools/build install --record /home/harshit/webcam_ws/build/opencv_tools/install.log --single-version-externally-managed install_data
